# JRE version: Java(TM) SE Runtime Environment (25.0+37) (build 25+37-LTS-3491)
# Java VM: Java HotSpot(TM) 64-Bit Server VM (25+37-LTS-3491, mixed mode, emulated-client, sharing, tiered, compressed oops, compressed class ptrs, g1 gc, windows-amd64)
GC Precious Log:
 CardTable entry size: 512
 Card Set container configuration: InlinePtr #cards 4 size 8 Array Of Cards #cards 16 size 48 Howl #buckets 8 coarsen threshold 3686 Howl Bitmap #cards 512 size 80 coarsen threshold 460 Card regions per heap region 1 cards per card region 4096
 CPUs: 12 total, 12 available
 Memory: 16163M
 Large Page Support: Disabled
 NUMA Support: Disabled
 Compressed Oops: Enabled (Zero based)
 Heap Region Size: 2M
 Heap Min Capacity: 8M
 Heap Initial Capacity: 254M
 Heap Max Capacity: 4042M
 Pre-touch: Disabled
 Parallel Workers: 10
 Concurrent Workers: 3
 Concurrent Refinement Workers: 10
 Periodic GC: Disabled
Heap:
 garbage-first heap   total reserved 4139008K, committed 122880K, used 83759K [0x0000000703600000, 0x0000000800000000)
  region size 2048K, 16 young (32768K), 4 survivors (8192K)
GC Heap Usage History (20 events):
Event: 2.356 {heap Before GC invocations=9 (full 0):
 garbage-first heap   total reserved 4139008K, committed 55296K, used 43457K [0x0000000703600000, 0x0000000800000000)
  region size 2048K, 12 young (24576K), 2 survivors (4096K)
}
Event: 2.360 {heap After GC invocations=10 (full 0):
 garbage-first heap   total reserved 4139008K, committed 157696K, used 26995K [0x0000000703600000, 0x0000000800000000)
  region size 2048K, 2 young (4096K), 2 survivors (4096K)
}
Event: 3.447 {heap Before GC invocations=10 (full 0):
 garbage-first heap   total reserved 4139008K, committed 157696K, used 117107K [0x0000000703600000, 0x0000000800000000)
  region size 2048K, 46 young (94208K), 2 survivors (4096K)
}
Event: 3.452 {heap After GC invocations=11 (full 0):
 garbage-first heap   total reserved 4139008K, committed 157696K, used 32631K [0x0000000703600000, 0x0000000800000000)
  region size 2048K, 4 young (8192K), 4 survivors (8192K)
}
Event: 3.921 {heap Before GC invocations=11 (full 0):
 garbage-first heap   total reserved 4139008K, committed 157696K, used 77687K [0x0000000703600000, 0x0000000800000000)
  region size 2048K, 27 young (55296K), 4 survivors (8192K)
}
Event: 3.926 {heap After GC invocations=12 (full 0):
 garbage-first heap   total reserved 4139008K, committed 157696K, used 35789K [0x0000000703600000, 0x0000000800000000)
  region size 2048K, 5 young (10240K), 5 survivors (10240K)
}
Event: 4.653 {heap Before GC invocations=13 (full 0):
 garbage-first heap   total reserved 4139008K, committed 122880K, used 97229K [0x0000000703600000, 0x0000000800000000)
  region size 2048K, 36 young (73728K), 5 survivors (10240K)
}
Event: 4.659 {heap After GC invocations=14 (full 0):
 garbage-first heap   total reserved 4139008K, committed 122880K, used 39028K [0x0000000703600000, 0x0000000800000000)
  region size 2048K, 4 young (8192K), 4 survivors (8192K)
}
Event: 5.385 {heap Before GC invocations=14 (full 0):
 garbage-first heap   total reserved 4139008K, committed 122880K, used 102516K [0x0000000703600000, 0x0000000800000000)
  region size 2048K, 35 young (71680K), 4 survivors (8192K)
}
Event: 5.390 {heap After GC invocations=15 (full 0):
 garbage-first heap   total reserved 4139008K, committed 122880K, used 42215K [0x0000000703600000, 0x0000000800000000)
  region size 2048K, 4 young (8192K), 4 survivors (8192K)
}
Event: 6.094 {heap Before GC invocations=15 (full 0):
 garbage-first heap   total reserved 4139008K, committed 122880K, used 103655K [0x0000000703600000, 0x0000000800000000)
  region size 2048K, 34 young (69632K), 4 survivors (8192K)
}
Event: 6.100 {heap After GC invocations=16 (full 0):
 garbage-first heap   total reserved 4139008K, committed 122880K, used 46880K [0x0000000703600000, 0x0000000800000000)
  region size 2048K, 4 young (8192K), 4 survivors (8192K)
}
Event: 6.451 {heap Before GC invocations=16 (full 0):
 garbage-first heap   total reserved 4139008K, committed 122880K, used 108320K [0x0000000703600000, 0x0000000800000000)
  region size 2048K, 34 young (69632K), 4 survivors (8192K)
}
Event: 6.457 {heap After GC invocations=17 (full 0):
 garbage-first heap   total reserved 4139008K, committed 122880K, used 49155K [0x0000000703600000, 0x0000000800000000)
  region size 2048K, 4 young (8192K), 4 survivors (8192K)
}
Event: 7.007 {heap Before GC invocations=18 (full 0):
 garbage-first heap   total reserved 4139008K, committed 122880K, used 108547K [0x0000000703600000, 0x0000000800000000)
  region size 2048K, 33 young (67584K), 4 survivors (8192K)
}
Event: 7.012 {heap After GC invocations=19 (full 0):
 garbage-first heap   total reserved 4139008K, committed 122880K, used 52861K [0x0000000703600000, 0x0000000800000000)
  region size 2048K, 3 young (6144K), 3 survivors (6144K)
}
Event: 7.653 {heap Before GC invocations=19 (full 0):
 garbage-first heap   total reserved 4139008K, committed 122880K, used 110205K [0x0000000703600000, 0x0000000800000000)
  region size 2048K, 31 young (63488K), 3 survivors (6144K)
}
Event: 7.659 {heap After GC invocations=20 (full 0):
 garbage-first heap   total reserved 4139008K, committed 122880K, used 56282K [0x0000000703600000, 0x0000000800000000)
  region size 2048K, 4 young (8192K), 4 survivors (8192K)
}
Event: 9.612 {heap Before GC invocations=20 (full 0):
 garbage-first heap   total reserved 4139008K, committed 122880K, used 107482K [0x0000000703600000, 0x0000000800000000)
  region size 2048K, 30 young (61440K), 4 survivors (8192K)
}
Event: 9.619 {heap After GC invocations=21 (full 0):
 garbage-first heap   total reserved 4139008K, committed 122880K, used 61231K [0x0000000703600000, 0x0000000800000000)
  region size 2048K, 4 young (8192K), 4 survivors (8192K)
}

